<?xml version="1.0" encoding="UTF-8"?>
<testsuites>
    <testsuite name="force.apex" timestamp="2025-10-30T13:14:52.000Z" hostname="https://orgfarm-2187c8c23a-dev-ed.develop.my.salesforce.com" tests="4" failures="0"  errors="0"  time="0.12">
        <properties>
            <property name="outcome" value="Successful"/>
            <property name="testsRan" value="4"/>
            <property name="passing" value="4"/>
            <property name="failing" value="0"/>
            <property name="skipped" value="0"/>
            <property name="passRate" value="100%"/>
            <property name="failRate" value="0%"/>
            <property name="testStartTime" value="Thu Oct 30 2025 14:14:52"/>
            <property name="testSetupTimeInMs" value="793"/>
            <property name="testExecutionTime" value="0.12 s"/>
            <property name="testTotalTime" value="0.91 s"/>
            <property name="commandTime" value="0.20 s"/>
            <property name="hostname" value="https://orgfarm-2187c8c23a-dev-ed.develop.my.salesforce.com"/>
            <property name="orgId" value="00DgK00000BdaZzUAJ"/>
            <property name="username" value="bader.nouali281@agentforce.com"/>
            <property name="testRunId" value="707gK00000GrKYy"/>
            <property name="userId" value="005gK000007upwfQAA"/>
        </properties>
        <testcase name="testGetOpportunitiesByAccountId" classname="OpportunitySelectorTest" time="0.08">
        </testcase>
        <testcase name="testGetOpportunities" classname="AccountOpportunitiesControllerTest" time="0.04">
        </testcase>
    </testsuite>
</testsuites>
